{"meta": {"version": "7.2.5", "timestamp": "2023-05-05T00:20:58.948701", "branch_coverage": false, "show_contexts": true}, "files": {"release/ray_release/wheels.py": {"executed_lines": [42, 43, 45, 46, 48, 50, 51, 52, 53, 54, 55, 59, 62, 63, 105, 108, 109, 116, 119, 120, 125, 126, 128, 129, 133, 165, 172, 173, 178, 179, 180, 186, 189, 190, 191, 192, 193, 194, 195, 196, 199, 200, 201, 206, 207, 208, 213, 218, 222, 223, 225, 228, 229, 230, 234, 238, 239, 241, 243, 244, 249, 253, 254, 257, 264, 269, 271, 272, 273, 275, 278, 289, 297, 299, 302, 303, 306, 310, 314, 316, 317, 321, 323, 324, 325, 326, 331, 332, 334, 336, 337, 338, 341, 342, 348, 349, 350, 351, 352, 353, 356, 357, 359, 364, 368, 369, 370, 374, 375, 377, 378, 379, 386, 387, 389, 390, 391, 392, 393, 403, 406, 407, 410, 445, 446, 447, 448], "summary": {"covered_lines": 81, "num_statements": 205, "percent_covered": 39.51219512195122, "percent_covered_display": "40", "missing_lines": 124, "excluded_lines": 0}, "missing_lines": [1, 2, 3, 4, 5, 6, 7, 8, 9, 10, 11, 13, 14, 15, 21, 22, 23, 27, 28, 29, 30, 32, 33, 37, 40, 44, 47, 56, 57, 58, 69, 72, 73, 74, 76, 87, 95, 96, 97, 98, 101, 102, 110, 124, 127, 130, 131, 132, 135, 138, 151, 152, 153, 154, 155, 157, 158, 161, 162, 205, 209, 210, 219, 220, 224, 227, 236, 240, 245, 246, 255, 256, 266, 268, 274, 277, 280, 281, 282, 283, 284, 288, 291, 292, 295, 301, 304, 305, 308, 312, 318, 319, 327, 330, 333, 358, 361, 367, 373, 376, 384, 388, 400, 412, 415, 416, 417, 420, 421, 422, 423, 424, 425, 427, 428, 429, 430, 433, 439, 440, 441, 444, 449, 450], "excluded_lines": [], "contexts": {"42": ["release/ray_release/tests/test_wheels.py::test_get_ray_version|run"], "43": ["release/ray_release/tests/test_wheels.py::test_get_ray_version|run"], "45": ["release/ray_release/tests/test_wheels.py::test_get_ray_version|run"], "46": ["release/ray_release/tests/test_wheels.py::test_get_ray_version|run"], "48": ["release/ray_release/tests/test_wheels.py::test_get_ray_version|run"], "50": ["release/ray_release/tests/test_wheels.py::test_get_ray_version|run"], "51": ["release/ray_release/tests/test_wheels.py::test_get_ray_version|run"], "52": ["release/ray_release/tests/test_wheels.py::test_get_ray_version|run"], "53": ["release/ray_release/tests/test_wheels.py::test_get_ray_version|run"], "54": ["release/ray_release/tests/test_wheels.py::test_get_ray_version|run"], "55": ["release/ray_release/tests/test_wheels.py::test_get_ray_version|run"], "61": ["release/ray_release/tests/test_wheels.py::test_get_ray_version|run"], "62": ["release/ray_release/tests/test_wheels.py::test_get_ray_version|run"], "63": ["release/ray_release/tests/test_wheels.py::test_get_ray_version|run"], "106": ["release/ray_release/tests/test_wheels.py::test_get_ray_wheels_url|run", "release/ray_release/tests/test_wheels.py::test_find_and_wait_wheels|run", "release/ray_release/tests/test_wheels.py::test_find_ray_wheels_commit_only|run", "release/ray_release/tests/test_wheels.py::test_find_ray_wheels_branch|run", "release/ray_release/tests/test_wheels.py::test_matching_ray_wheels_url|run", "release/ray_release/tests/test_wheels.py::test_find_ray_wheels_buildkite|run", "release/ray_release/tests/test_wheels.py::test_find_ray_wheels_repo_branch|run", "release/ray_release/tests/test_wheels.py::test_rewrite_wheels_url|run", "release/ray_release/tests/test_wheels.py::test_find_ray_wheels_pr_repo_branch|run"], "107": ["release/ray_release/tests/test_wheels.py::test_get_ray_wheels_url|run", "release/ray_release/tests/test_wheels.py::test_find_and_wait_wheels|run", "release/ray_release/tests/test_wheels.py::test_find_ray_wheels_commit_only|run", "release/ray_release/tests/test_wheels.py::test_find_ray_wheels_branch|run", "release/ray_release/tests/test_wheels.py::test_matching_ray_wheels_url|run", "release/ray_release/tests/test_wheels.py::test_find_ray_wheels_buildkite|run", "release/ray_release/tests/test_wheels.py::test_find_ray_wheels_repo_branch|run", "release/ray_release/tests/test_wheels.py::test_rewrite_wheels_url|run", "release/ray_release/tests/test_wheels.py::test_find_ray_wheels_pr_repo_branch|run"], "108": ["release/ray_release/tests/test_wheels.py::test_get_ray_wheels_url|run", "release/ray_release/tests/test_wheels.py::test_find_and_wait_wheels|run", "release/ray_release/tests/test_wheels.py::test_find_ray_wheels_commit_only|run", "release/ray_release/tests/test_wheels.py::test_find_ray_wheels_branch|run", "release/ray_release/tests/test_wheels.py::test_matching_ray_wheels_url|run", "release/ray_release/tests/test_wheels.py::test_find_ray_wheels_buildkite|run", "release/ray_release/tests/test_wheels.py::test_find_ray_wheels_repo_branch|run", "release/ray_release/tests/test_wheels.py::test_rewrite_wheels_url|run", "release/ray_release/tests/test_wheels.py::test_find_ray_wheels_pr_repo_branch|run"], "109": ["release/ray_release/tests/test_wheels.py::test_get_ray_wheels_url|run", "release/ray_release/tests/test_wheels.py::test_find_and_wait_wheels|run", "release/ray_release/tests/test_wheels.py::test_find_ray_wheels_commit_only|run", "release/ray_release/tests/test_wheels.py::test_find_ray_wheels_branch|run", "release/ray_release/tests/test_wheels.py::test_matching_ray_wheels_url|run", "release/ray_release/tests/test_wheels.py::test_find_ray_wheels_buildkite|run", "release/ray_release/tests/test_wheels.py::test_find_ray_wheels_repo_branch|run", "release/ray_release/tests/test_wheels.py::test_rewrite_wheels_url|run", "release/ray_release/tests/test_wheels.py::test_find_ray_wheels_pr_repo_branch|run"], "170": ["release/ray_release/tests/test_wheels.py::test_get_ray_wheels_url|run", "release/ray_release/tests/test_wheels.py::test_find_and_wait_wheels|run", "release/ray_release/tests/test_wheels.py::test_find_ray_wheels_commit_only|run", "release/ray_release/tests/test_wheels.py::test_find_ray_wheels_branch|run", "release/ray_release/tests/test_wheels.py::test_find_ray_wheels_buildkite|run", "release/ray_release/tests/test_wheels.py::test_find_ray_wheels_repo_branch|run", "release/ray_release/tests/test_wheels.py::test_find_ray_wheels_pr_repo_branch|run"], "178": ["release/ray_release/tests/test_wheels.py::test_get_ray_wheels_url|run", "release/ray_release/tests/test_wheels.py::test_find_and_wait_wheels|run", "release/ray_release/tests/test_wheels.py::test_find_ray_wheels_commit_only|run", "release/ray_release/tests/test_wheels.py::test_find_ray_wheels_branch|run", "release/ray_release/tests/test_wheels.py::test_find_ray_wheels_buildkite|run", "release/ray_release/tests/test_wheels.py::test_find_ray_wheels_repo_branch|run"], "179": ["release/ray_release/tests/test_wheels.py::test_get_ray_wheels_url|run", "release/ray_release/tests/test_wheels.py::test_find_and_wait_wheels|run", "release/ray_release/tests/test_wheels.py::test_find_ray_wheels_commit_only|run", "release/ray_release/tests/test_wheels.py::test_find_ray_wheels_branch|run", "release/ray_release/tests/test_wheels.py::test_find_ray_wheels_buildkite|run", "release/ray_release/tests/test_wheels.py::test_find_ray_wheels_repo_branch|run"], "180": ["release/ray_release/tests/test_wheels.py::test_get_ray_wheels_url|run", "release/ray_release/tests/test_wheels.py::test_find_and_wait_wheels|run", "release/ray_release/tests/test_wheels.py::test_find_ray_wheels_commit_only|run", "release/ray_release/tests/test_wheels.py::test_find_ray_wheels_branch|run", "release/ray_release/tests/test_wheels.py::test_find_ray_wheels_buildkite|run", "release/ray_release/tests/test_wheels.py::test_find_ray_wheels_repo_branch|run"], "222": ["release/ray_release/tests/test_wheels.py::test_find_ray_wheels_buildkite|run", "release/ray_release/tests/test_buildkite.py::BuildkiteSettingsTest::testSettingsOverrideEnv|run"], "223": ["release/ray_release/tests/test_wheels.py::test_find_ray_wheels_buildkite|run"], "225": ["release/ray_release/tests/test_wheels.py::test_find_ray_wheels_buildkite|run", "release/ray_release/tests/test_buildkite.py::BuildkiteSettingsTest::testSettingsOverrideEnv|run"], "228": ["release/ray_release/tests/test_wheels.py::test_find_ray_wheels_buildkite|run", "release/ray_release/tests/test_buildkite.py::BuildkiteSettingsTest::testSettingsOverrideEnv|run"], "229": ["release/ray_release/tests/test_wheels.py::test_find_ray_wheels_buildkite|run", "release/ray_release/tests/test_buildkite.py::BuildkiteSettingsTest::testSettingsOverrideEnv|run"], "232": ["release/ray_release/tests/test_wheels.py::test_find_ray_wheels_buildkite|run", "release/ray_release/tests/test_buildkite.py::BuildkiteSettingsTest::testSettingsOverrideEnv|run"], "241": ["release/ray_release/tests/test_wheels.py::test_find_ray_wheels_buildkite|run", "release/ray_release/tests/test_buildkite.py::BuildkiteSettingsTest::testSettingsOverrideEnv|run"], "243": ["release/ray_release/tests/test_wheels.py::test_find_ray_wheels_buildkite|run", "release/ray_release/tests/test_buildkite.py::BuildkiteSettingsTest::testSettingsOverrideEnv|run"], "244": ["release/ray_release/tests/test_wheels.py::test_find_ray_wheels_buildkite|run", "release/ray_release/tests/test_buildkite.py::BuildkiteSettingsTest::testSettingsOverrideEnv|run"], "251": ["release/ray_release/tests/test_wheels.py::test_find_and_wait_wheels|run", "release/ray_release/tests/test_wheels.py::test_find_ray_wheels_commit_only|run", "release/ray_release/tests/test_wheels.py::test_find_ray_wheels_branch|run", "release/ray_release/tests/test_wheels.py::test_find_ray_wheels_buildkite|run", "release/ray_release/tests/test_wheels.py::test_find_ray_wheels_repo_branch|run", "release/ray_release/tests/test_wheels.py::test_find_ray_wheels_pr_repo_branch|run"], "253": ["release/ray_release/tests/test_wheels.py::test_find_ray_wheels_buildkite|run"], "254": ["release/ray_release/tests/test_wheels.py::test_find_ray_wheels_buildkite|run"], "262": ["release/ray_release/tests/test_wheels.py::test_find_ray_wheels_buildkite|run"], "264": ["release/ray_release/tests/test_wheels.py::test_find_ray_wheels_buildkite|run"], "269": ["release/ray_release/tests/test_wheels.py::test_find_ray_wheels_buildkite|run"], "271": ["release/ray_release/tests/test_wheels.py::test_find_ray_wheels_buildkite|run"], "272": ["release/ray_release/tests/test_wheels.py::test_find_ray_wheels_buildkite|run"], "273": ["release/ray_release/tests/test_wheels.py::test_find_ray_wheels_buildkite|run"], "275": ["release/ray_release/tests/test_wheels.py::test_find_ray_wheels_buildkite|run"], "278": ["release/ray_release/tests/test_wheels.py::test_find_and_wait_wheels|run", "release/ray_release/tests/test_wheels.py::test_find_ray_wheels_commit_only|run", "release/ray_release/tests/test_wheels.py::test_find_ray_wheels_branch|run", "release/ray_release/tests/test_wheels.py::test_find_ray_wheels_repo_branch|run", "release/ray_release/tests/test_wheels.py::test_find_ray_wheels_pr_repo_branch|run"], "289": ["release/ray_release/tests/test_wheels.py::test_find_and_wait_wheels|run", "release/ray_release/tests/test_wheels.py::test_find_ray_wheels_commit_only|run", "release/ray_release/tests/test_wheels.py::test_find_ray_wheels_branch|run", "release/ray_release/tests/test_wheels.py::test_find_ray_wheels_repo_branch|run", "release/ray_release/tests/test_wheels.py::test_find_ray_wheels_pr_repo_branch|run"], "297": ["release/ray_release/tests/test_wheels.py::test_find_and_wait_wheels|run", "release/ray_release/tests/test_wheels.py::test_find_ray_wheels_commit_only|run", "release/ray_release/tests/test_wheels.py::test_find_ray_wheels_branch|run", "release/ray_release/tests/test_wheels.py::test_find_ray_wheels_repo_branch|run", "release/ray_release/tests/test_wheels.py::test_find_ray_wheels_pr_repo_branch|run"], "302": ["release/ray_release/tests/test_wheels.py::test_find_and_wait_wheels|run", "release/ray_release/tests/test_wheels.py::test_find_ray_wheels_commit_only|run", "release/ray_release/tests/test_wheels.py::test_find_ray_wheels_branch|run"], "303": ["release/ray_release/tests/test_wheels.py::test_find_and_wait_wheels|run", "release/ray_release/tests/test_wheels.py::test_find_ray_wheels_commit_only|run", "release/ray_release/tests/test_wheels.py::test_find_ray_wheels_branch|run"], "306": ["release/ray_release/tests/test_wheels.py::test_find_and_wait_wheels|run", "release/ray_release/tests/test_wheels.py::test_find_ray_wheels_commit_only|run", "release/ray_release/tests/test_wheels.py::test_find_ray_wheels_branch|run", "release/ray_release/tests/test_wheels.py::test_find_ray_wheels_repo_branch|run", "release/ray_release/tests/test_wheels.py::test_find_ray_wheels_pr_repo_branch|run"], "310": ["release/ray_release/tests/test_wheels.py::test_find_and_wait_wheels|run", "release/ray_release/tests/test_wheels.py::test_find_ray_wheels_commit_only|run", "release/ray_release/tests/test_wheels.py::test_find_ray_wheels_branch|run", "release/ray_release/tests/test_wheels.py::test_find_ray_wheels_repo_branch|run", "release/ray_release/tests/test_wheels.py::test_find_ray_wheels_pr_repo_branch|run"], "314": ["release/ray_release/tests/test_wheels.py::test_find_and_wait_wheels|run", "release/ray_release/tests/test_wheels.py::test_find_ray_wheels_commit_only|run", "release/ray_release/tests/test_wheels.py::test_find_ray_wheels_branch|run", "release/ray_release/tests/test_wheels.py::test_find_ray_wheels_repo_branch|run", "release/ray_release/tests/test_wheels.py::test_find_ray_wheels_pr_repo_branch|run"], "348": ["release/ray_release/tests/test_wheels.py::test_find_and_wait_wheels|run", "release/ray_release/tests/test_wheels.py::test_find_ray_wheels_commit_only|run"], "349": ["release/ray_release/tests/test_wheels.py::test_find_and_wait_wheels|run", "release/ray_release/tests/test_wheels.py::test_find_ray_wheels_commit_only|run"], "350": ["release/ray_release/tests/test_wheels.py::test_find_and_wait_wheels|run", "release/ray_release/tests/test_wheels.py::test_find_ray_wheels_commit_only|run"], "351": ["release/ray_release/tests/test_wheels.py::test_find_and_wait_wheels|run", "release/ray_release/tests/test_wheels.py::test_find_ray_wheels_commit_only|run"], "352": ["release/ray_release/tests/test_wheels.py::test_find_and_wait_wheels|run", "release/ray_release/tests/test_wheels.py::test_find_ray_wheels_commit_only|run"], "355": ["release/ray_release/tests/test_wheels.py::test_find_and_wait_wheels|run", "release/ray_release/tests/test_wheels.py::test_find_ray_wheels_commit_only|run"], "356": ["release/ray_release/tests/test_wheels.py::test_find_and_wait_wheels|run", "release/ray_release/tests/test_wheels.py::test_find_ray_wheels_commit_only|run"], "357": ["release/ray_release/tests/test_wheels.py::test_find_and_wait_wheels|run", "release/ray_release/tests/test_wheels.py::test_find_ray_wheels_commit_only|run"], "359": ["release/ray_release/tests/test_wheels.py::test_find_and_wait_wheels|run", "release/ray_release/tests/test_wheels.py::test_find_ray_wheels_commit_only|run"], "316": ["release/ray_release/tests/test_wheels.py::test_find_ray_wheels_repo_branch|run", "release/ray_release/tests/test_wheels.py::test_find_ray_wheels_pr_repo_branch|run", "release/ray_release/tests/test_wheels.py::test_find_ray_wheels_branch|run"], "317": ["release/ray_release/tests/test_wheels.py::test_find_ray_wheels_repo_branch|run", "release/ray_release/tests/test_wheels.py::test_find_ray_wheels_pr_repo_branch|run", "release/ray_release/tests/test_wheels.py::test_find_ray_wheels_branch|run"], "321": ["release/ray_release/tests/test_wheels.py::test_find_ray_wheels_repo_branch|run", "release/ray_release/tests/test_wheels.py::test_find_ray_wheels_pr_repo_branch|run", "release/ray_release/tests/test_wheels.py::test_find_ray_wheels_branch|run"], "323": ["release/ray_release/tests/test_wheels.py::test_find_ray_wheels_repo_branch|run", "release/ray_release/tests/test_wheels.py::test_find_ray_wheels_pr_repo_branch|run", "release/ray_release/tests/test_wheels.py::test_find_ray_wheels_branch|run"], "324": ["release/ray_release/tests/test_wheels.py::test_find_ray_wheels_repo_branch|run", "release/ray_release/tests/test_wheels.py::test_find_ray_wheels_pr_repo_branch|run", "release/ray_release/tests/test_wheels.py::test_find_ray_wheels_branch|run"], "325": ["release/ray_release/tests/test_wheels.py::test_find_ray_wheels_repo_branch|run", "release/ray_release/tests/test_wheels.py::test_find_ray_wheels_pr_repo_branch|run", "release/ray_release/tests/test_wheels.py::test_find_ray_wheels_branch|run"], "326": ["release/ray_release/tests/test_wheels.py::test_find_ray_wheels_repo_branch|run", "release/ray_release/tests/test_wheels.py::test_find_ray_wheels_pr_repo_branch|run", "release/ray_release/tests/test_wheels.py::test_find_ray_wheels_branch|run"], "331": ["release/ray_release/tests/test_wheels.py::test_find_ray_wheels_repo_branch|run", "release/ray_release/tests/test_wheels.py::test_find_ray_wheels_pr_repo_branch|run", "release/ray_release/tests/test_wheels.py::test_find_ray_wheels_branch|run"], "332": ["release/ray_release/tests/test_wheels.py::test_find_ray_wheels_repo_branch|run", "release/ray_release/tests/test_wheels.py::test_find_ray_wheels_pr_repo_branch|run", "release/ray_release/tests/test_wheels.py::test_find_ray_wheels_branch|run"], "334": ["release/ray_release/tests/test_wheels.py::test_find_ray_wheels_repo_branch|run", "release/ray_release/tests/test_wheels.py::test_find_ray_wheels_pr_repo_branch|run", "release/ray_release/tests/test_wheels.py::test_find_ray_wheels_branch|run"], "336": ["release/ray_release/tests/test_wheels.py::test_find_ray_wheels_repo_branch|run", "release/ray_release/tests/test_wheels.py::test_find_ray_wheels_pr_repo_branch|run", "release/ray_release/tests/test_wheels.py::test_find_ray_wheels_branch|run"], "337": ["release/ray_release/tests/test_wheels.py::test_find_ray_wheels_repo_branch|run", "release/ray_release/tests/test_wheels.py::test_find_ray_wheels_pr_repo_branch|run", "release/ray_release/tests/test_wheels.py::test_find_ray_wheels_branch|run"], "340": ["release/ray_release/tests/test_wheels.py::test_find_ray_wheels_repo_branch|run", "release/ray_release/tests/test_wheels.py::test_find_ray_wheels_pr_repo_branch|run", "release/ray_release/tests/test_wheels.py::test_find_ray_wheels_branch|run"], "341": ["release/ray_release/tests/test_wheels.py::test_find_ray_wheels_repo_branch|run", "release/ray_release/tests/test_wheels.py::test_find_ray_wheels_pr_repo_branch|run", "release/ray_release/tests/test_wheels.py::test_find_ray_wheels_branch|run"], "342": ["release/ray_release/tests/test_wheels.py::test_find_ray_wheels_repo_branch|run", "release/ray_release/tests/test_wheels.py::test_find_ray_wheels_pr_repo_branch|run", "release/ray_release/tests/test_wheels.py::test_find_ray_wheels_branch|run"], "299": ["release/ray_release/tests/test_wheels.py::test_find_ray_wheels_pr_repo_branch|run", "release/ray_release/tests/test_wheels.py::test_find_ray_wheels_repo_branch|run"], "171": ["release/ray_release/tests/test_wheels.py::test_find_ray_wheels_pr_repo_branch|run"], "172": ["release/ray_release/tests/test_wheels.py::test_find_ray_wheels_pr_repo_branch|run"], "173": ["release/ray_release/tests/test_wheels.py::test_find_ray_wheels_pr_repo_branch|run"], "174": ["release/ray_release/tests/test_wheels.py::test_find_ray_wheels_pr_repo_branch|run"], "187": ["release/ray_release/tests/test_wheels.py::test_find_and_wait_wheels|run"], "188": ["release/ray_release/tests/test_wheels.py::test_find_and_wait_wheels|run"], "189": ["release/ray_release/tests/test_wheels.py::test_find_and_wait_wheels|run"], "190": ["release/ray_release/tests/test_wheels.py::test_find_and_wait_wheels|run"], "191": ["release/ray_release/tests/test_wheels.py::test_find_and_wait_wheels|run"], "192": ["release/ray_release/tests/test_wheels.py::test_find_and_wait_wheels|run"], "193": ["release/ray_release/tests/test_wheels.py::test_find_and_wait_wheels|run"], "194": ["release/ray_release/tests/test_wheels.py::test_find_and_wait_wheels|run"], "195": ["release/ray_release/tests/test_wheels.py::test_find_and_wait_wheels|run"], "198": ["release/ray_release/tests/test_wheels.py::test_find_and_wait_wheels|run"], "199": ["release/ray_release/tests/test_wheels.py::test_find_and_wait_wheels|run"], "200": ["release/ray_release/tests/test_wheels.py::test_find_and_wait_wheels|run"], "201": ["release/ray_release/tests/test_wheels.py::test_find_and_wait_wheels|run"], "203": ["release/ray_release/tests/test_wheels.py::test_find_and_wait_wheels|run"], "206": ["release/ray_release/tests/test_wheels.py::test_find_and_wait_wheels|run"], "207": ["release/ray_release/tests/test_wheels.py::test_find_and_wait_wheels|run"], "208": ["release/ray_release/tests/test_wheels.py::test_find_and_wait_wheels|run"], "216": ["release/ray_release/tests/test_wheels.py::test_find_and_wait_wheels|run"], "217": ["release/ray_release/tests/test_wheels.py::test_find_and_wait_wheels|run"], "218": ["release/ray_release/tests/test_wheels.py::test_find_and_wait_wheels|run"], "405": ["release/ray_release/tests/test_wheels.py::test_matching_ray_wheels_url|run", "release/ray_release/tests/test_wheels.py::test_rewrite_wheels_url|run"], "406": ["release/ray_release/tests/test_wheels.py::test_matching_ray_wheels_url|run", "release/ray_release/tests/test_wheels.py::test_rewrite_wheels_url|run"], "408": ["release/ray_release/tests/test_wheels.py::test_matching_ray_wheels_url|run", "release/ray_release/tests/test_wheels.py::test_rewrite_wheels_url|run"], "410": ["release/ray_release/tests/test_wheels.py::test_matching_ray_wheels_url|run", "release/ray_release/tests/test_wheels.py::test_rewrite_wheels_url|run"], "118": ["release/ray_release/tests/test_wheels.py::test_rewrite_wheels_url|run"], "119": ["release/ray_release/tests/test_wheels.py::test_rewrite_wheels_url|run"], "120": ["release/ray_release/tests/test_wheels.py::test_rewrite_wheels_url|run"], "122": ["release/ray_release/tests/test_wheels.py::test_rewrite_wheels_url|run"], "123": ["release/ray_release/tests/test_wheels.py::test_rewrite_wheels_url|run"], "125": ["release/ray_release/tests/test_wheels.py::test_rewrite_wheels_url|run"], "126": ["release/ray_release/tests/test_wheels.py::test_rewrite_wheels_url|run"], "128": ["release/ray_release/tests/test_wheels.py::test_rewrite_wheels_url|run"], "129": ["release/ray_release/tests/test_wheels.py::test_rewrite_wheels_url|run"], "133": ["release/ray_release/tests/test_wheels.py::test_rewrite_wheels_url|run"], "365": ["release/ray_release/tests/test_wheels.py::test_rewrite_wheels_url|run"], "368": ["release/ray_release/tests/test_wheels.py::test_rewrite_wheels_url|run"], "369": ["release/ray_release/tests/test_wheels.py::test_rewrite_wheels_url|run"], "371": ["release/ray_release/tests/test_wheels.py::test_rewrite_wheels_url|run"], "374": ["release/ray_release/tests/test_wheels.py::test_rewrite_wheels_url|run"], "375": ["release/ray_release/tests/test_wheels.py::test_rewrite_wheels_url|run"], "377": ["release/ray_release/tests/test_wheels.py::test_rewrite_wheels_url|run"], "378": ["release/ray_release/tests/test_wheels.py::test_rewrite_wheels_url|run"], "379": ["release/ray_release/tests/test_wheels.py::test_rewrite_wheels_url|run"], "380": ["release/ray_release/tests/test_wheels.py::test_rewrite_wheels_url|run"], "382": ["release/ray_release/tests/test_wheels.py::test_rewrite_wheels_url|run"], "386": ["release/ray_release/tests/test_wheels.py::test_rewrite_wheels_url|run"], "387": ["release/ray_release/tests/test_wheels.py::test_rewrite_wheels_url|run"], "389": ["release/ray_release/tests/test_wheels.py::test_rewrite_wheels_url|run"], "390": ["release/ray_release/tests/test_wheels.py::test_rewrite_wheels_url|run"], "391": ["release/ray_release/tests/test_wheels.py::test_rewrite_wheels_url|run"], "392": ["release/ray_release/tests/test_wheels.py::test_rewrite_wheels_url|run"], "393": ["release/ray_release/tests/test_wheels.py::test_rewrite_wheels_url|run"], "394": ["release/ray_release/tests/test_wheels.py::test_rewrite_wheels_url|run"], "395": ["release/ray_release/tests/test_wheels.py::test_rewrite_wheels_url|run"], "398": ["release/ray_release/tests/test_wheels.py::test_rewrite_wheels_url|run"], "445": ["release/ray_release/tests/test_wheels.py::test_parse_commit_from_wheel_url|run"], "446": ["release/ray_release/tests/test_wheels.py::test_parse_commit_from_wheel_url|run"], "447": ["release/ray_release/tests/test_wheels.py::test_parse_commit_from_wheel_url|run"], "448": ["release/ray_release/tests/test_wheels.py::test_parse_commit_from_wheel_url|run"], "234": ["release/ray_release/tests/test_buildkite.py::BuildkiteSettingsTest::testSettingsOverrideEnv|run"], "238": ["release/ray_release/tests/test_buildkite.py::BuildkiteSettingsTest::testSettingsOverrideEnv|run"], "239": ["release/ray_release/tests/test_buildkite.py::BuildkiteSettingsTest::testSettingsOverrideEnv|run"]}}}, "totals": {"covered_lines": 81, "num_statements": 205, "percent_covered": 39.51219512195122, "percent_covered_display": "40", "missing_lines": 124, "excluded_lines": 0}}