# JRE version: OpenJDK Runtime Environment (Zulu 8.68.0.22-SA-macos-aarch64) (8.0_362-b09) (build 1.8.0_362-b09)
# Java VM: OpenJDK 64-Bit Server VM (25.362-b09 mixed mode bsd-aarch64 compressed oops)
Heap:
 PSYoungGen      total 305664K, used 99907K [0x000000066ab00000, 0x0000000680000000, 0x00000007c0000000)
  eden space 262144K, 38% used [0x000000066ab00000,0x0000000670c90da8,0x000000067ab00000)
  from space 43520K, 0% used [0x000000067ab00000,0x000000067ab00000,0x000000067d580000)
  to   space 43520K, 0% used [0x000000067d580000,0x000000067d580000,0x0000000680000000)
 ParOldGen       total 461312K, used 11105K [0x00000003c0000000, 0x00000003dc280000, 0x000000066ab00000)
  object space 461312K, 2% used [0x00000003c0000000,0x00000003c0ad8718,0x00000003dc280000)
 Metaspace       used 29726K, capacity 30550K, committed 30848K, reserved 1077248K
  class space    used 3417K, capacity 3618K, committed 3712K, reserved 1048576K
GC Heap History (4 events):
Event: 0.822 GC heap before
{Heap before GC invocations=1 (full 0):
 PSYoungGen      total 305664K, used 141747K [0x000000066ab00000, 0x0000000680000000, 0x00000007c0000000)
  eden space 262144K, 54% used [0x000000066ab00000,0x000000067356cea8,0x000000067ab00000)
  from space 43520K, 0% used [0x000000067d580000,0x000000067d580000,0x0000000680000000)
  to   space 43520K, 0% used [0x000000067ab00000,0x000000067ab00000,0x000000067d580000)
 ParOldGen       total 699392K, used 0K [0x00000003c0000000, 0x00000003eab00000, 0x000000066ab00000)
  object space 699392K, 0% used [0x00000003c0000000,0x00000003c0000000,0x00000003eab00000)
 Metaspace       used 20597K, capacity 21158K, committed 21248K, reserved 1069056K
  class space    used 2408K, capacity 2544K, committed 2560K, reserved 1048576K
Event: 0.827 GC heap after
Heap after GC invocations=1 (full 0):
 PSYoungGen      total 305664K, used 11753K [0x000000066ab00000, 0x0000000680000000, 0x00000007c0000000)
  eden space 262144K, 0% used [0x000000066ab00000,0x000000066ab00000,0x000000067ab00000)
  from space 43520K, 27% used [0x000000067ab00000,0x000000067b67a5c0,0x000000067d580000)
  to   space 43520K, 0% used [0x000000067d580000,0x000000067d580000,0x0000000680000000)
 ParOldGen       total 699392K, used 80K [0x00000003c0000000, 0x00000003eab00000, 0x000000066ab00000)
  object space 699392K, 0% used [0x00000003c0000000,0x00000003c0014010,0x00000003eab00000)
 Metaspace       used 20597K, capacity 21158K, committed 21248K, reserved 1069056K
  class space    used 2408K, capacity 2544K, committed 2560K, reserved 1048576K
}
Event: 0.827 GC heap before
{Heap before GC invocations=2 (full 1):
 PSYoungGen      total 305664K, used 11753K [0x000000066ab00000, 0x0000000680000000, 0x00000007c0000000)
  eden space 262144K, 0% used [0x000000066ab00000,0x000000066ab00000,0x000000067ab00000)
  from space 43520K, 27% used [0x000000067ab00000,0x000000067b67a5c0,0x000000067d580000)
  to   space 43520K, 0% used [0x000000067d580000,0x000000067d580000,0x0000000680000000)
 ParOldGen       total 699392K, used 80K [0x00000003c0000000, 0x00000003eab00000, 0x000000066ab00000)
  object space 699392K, 0% used [0x00000003c0000000,0x00000003c0014010,0x00000003eab00000)
 Metaspace       used 20597K, capacity 21158K, committed 21248K, reserved 1069056K
  class space    used 2408K, capacity 2544K, committed 2560K, reserved 1048576K
Event: 0.842 GC heap after
Heap after GC invocations=2 (full 1):
 PSYoungGen      total 305664K, used 0K [0x000000066ab00000, 0x0000000680000000, 0x00000007c0000000)
  eden space 262144K, 0% used [0x000000066ab00000,0x000000066ab00000,0x000000067ab00000)
  from space 43520K, 0% used [0x000000067ab00000,0x000000067ab00000,0x000000067d580000)
  to   space 43520K, 0% used [0x000000067d580000,0x000000067d580000,0x0000000680000000)
 ParOldGen       total 461312K, used 11105K [0x00000003c0000000, 0x00000003dc280000, 0x000000066ab00000)
  object space 461312K, 2% used [0x00000003c0000000,0x00000003c0ad8718,0x00000003dc280000)
 Metaspace       used 20597K, capacity 21158K, committed 21248K, reserved 1069056K
  class space    used 2408K, capacity 2544K, committed 2560K, reserved 1048576K
}

